<?xml version="1.0" encoding="UTF-8"?>
<!-- Generated by org.testng.reporters.JUnitXMLReporter -->
<testsuite ignored="0" hostname="DESKTOP-81F39U9" failures="1" tests="1" name="Test(failed)" time="3.555" errors="0" timestamp="2023-07-12T17:12:03 IST">
  <testcase classname="com.actitime.testscript.Verify" name="verifyTitle" time="3.496">
    <failure type="java.lang.AssertionError" message="The following asserts failed:
	expected [Google] but found [doogle]">
      <![CDATA[java.lang.AssertionError: The following asserts failed:
expected [Google] but found [doogle]
at com.actitime.testscript.Verify.verifyTitle(Verify.java:24)
at java.base/java.util.ArrayList.forEach(ArrayList.java:1511)
... Removed 29 stack frames]]>
    </failure>
  </testcase> <!-- verifyTitle -->
</testsuite> <!-- Test(failed) -->
